<?xml version="1.0" encoding="UTF-8"?>
<testng-results skipped="0" failed="0" ignored="0" total="1" passed="1">
  <reporter-output>
  </reporter-output>
  <suite name="Smaple eCommerce App" duration-ms="208134" started-at="2017-02-20T05:03:03Z" finished-at="2017-02-20T05:06:32Z">
    <groups>
    </groups>
    <test name="Test" duration-ms="208134" started-at="2017-02-20T05:03:03Z" finished-at="2017-02-20T05:06:32Z">
      <class name="com.imaginea.tests.AddToCartTest">
        <test-method status="PASS" signature="beforeClass(java.lang.String, java.lang.String)[pri:0, instance:com.imaginea.tests.AddToCartTest@1e67b872]" name="beforeClass" is-config="true" duration-ms="47595" started-at="2017-02-19T21:03:03Z" finished-at="2017-02-19T21:03:51Z">
          <params>
            <param index="0">
              <value>
                <![CDATA[FireFox]]>
              </value>
            </param>
            <param index="1">
              <value>
                <![CDATA[https://www.flipkart.com/]]>
              </value>
            </param>
          </params>
          <reporter-output>
          </reporter-output>
        </test-method> <!-- beforeClass -->
        <test-method status="PASS" signature="addProductToCart()[pri:0, instance:com.imaginea.tests.AddToCartTest@1e67b872]" name="addProductToCart" duration-ms="160219" started-at="2017-02-19T21:03:51Z" finished-at="2017-02-19T21:06:31Z">
          <reporter-output>
          </reporter-output>
        </test-method> <!-- addProductToCart -->
        <test-method status="PASS" signature="tearDown()[pri:0, instance:com.imaginea.tests.AddToCartTest@1e67b872]" name="tearDown" is-config="true" duration-ms="301" started-at="2017-02-19T21:06:31Z" finished-at="2017-02-19T21:06:32Z">
          <reporter-output>
          </reporter-output>
        </test-method> <!-- tearDown -->
      </class> <!-- com.imaginea.tests.AddToCartTest -->
    </test> <!-- Test -->
  </suite> <!-- Smaple eCommerce App -->
</testng-results>
